<?xml version="1.0" encoding="UTF-8"?>
<testsuite name="dao.test.UserDAOTest" tests="1" skipped="0" failures="0" errors="0" timestamp="2015-11-11T19:10:01" hostname="Vitalijs-MacBook-Pro.local" time="0.289">
  <properties/>
  <testcase name="createUserTest" classname="dao.test.UserDAOTest" time="0.289"/>
  <system-out><![CDATA[23:10:01.950 [Test worker] DEBUG o.s.t.c.j.SpringJUnit4ClassRunner - SpringJUnit4ClassRunner constructor called with [class dao.test.UserDAOTest].
23:10:01.950 [Test worker] DEBUG o.s.test.context.BootstrapUtils - Instantiating TestContextBootstrapper from class [org.springframework.test.context.support.DefaultTestContextBootstrapper]
23:10:01.951 [Test worker] DEBUG o.s.t.c.s.AbstractDelegatingSmartContextLoader - Delegating to AnnotationConfigContextLoader to process context configuration [ContextConfigurationAttributes@122ecbf1 declaringClass = 'dao.test.UserDAOTest', classes = '{class ru.spring.Application}', locations = '{}', inheritLocations = true, initializers = '{}', inheritInitializers = true, name = [null], contextLoaderClass = 'org.springframework.test.context.ContextLoader'].
23:10:01.951 [Test worker] DEBUG o.s.t.c.support.ActiveProfilesUtils - Could not find an 'annotation declaring class' for annotation type [org.springframework.test.context.ActiveProfiles] and class [dao.test.UserDAOTest]
23:10:01.951 [Test worker] DEBUG o.s.t.c.s.DefaultTestContextBootstrapper - @TestExecutionListeners is not present for class [dao.test.UserDAOTest]: using defaults.
23:10:01.953 [Test worker] INFO  o.s.t.c.s.DefaultTestContextBootstrapper - Loaded default TestExecutionListener class names from location [META-INF/spring.factories]: [org.springframework.test.context.web.ServletTestExecutionListener, org.springframework.test.context.support.DependencyInjectionTestExecutionListener, org.springframework.test.context.support.DirtiesContextTestExecutionListener, org.springframework.test.context.transaction.TransactionalTestExecutionListener, org.springframework.test.context.jdbc.SqlScriptsTestExecutionListener]
23:10:01.954 [Test worker] INFO  o.s.t.c.s.DefaultTestContextBootstrapper - Using TestExecutionListeners: [org.springframework.test.context.web.ServletTestExecutionListener@6005d42e, org.springframework.test.context.support.DependencyInjectionTestExecutionListener@44cbf20c, org.springframework.test.context.support.DirtiesContextTestExecutionListener@39d9f352, org.springframework.test.context.transaction.TransactionalTestExecutionListener@30eeb88e, org.springframework.test.context.jdbc.SqlScriptsTestExecutionListener@7e84be19]
23:10:01.954 [Test worker] DEBUG o.s.t.annotation.ProfileValueUtils - Retrieved @ProfileValueSourceConfiguration [null] for test class [dao.test.UserDAOTest]
23:10:01.954 [Test worker] DEBUG o.s.t.annotation.ProfileValueUtils - Retrieved ProfileValueSource type [class org.springframework.test.annotation.SystemProfileValueSource] for class [dao.test.UserDAOTest]
23:10:01.955 [Test worker] DEBUG o.s.t.annotation.ProfileValueUtils - Retrieved @ProfileValueSourceConfiguration [null] for test class [dao.test.UserDAOTest]
23:10:01.955 [Test worker] DEBUG o.s.t.annotation.ProfileValueUtils - Retrieved ProfileValueSource type [class org.springframework.test.annotation.SystemProfileValueSource] for class [dao.test.UserDAOTest]
23:10:01.955 [Test worker] DEBUG o.s.t.annotation.ProfileValueUtils - Retrieved @ProfileValueSourceConfiguration [null] for test class [dao.test.UserDAOTest]
23:10:01.955 [Test worker] DEBUG o.s.t.annotation.ProfileValueUtils - Retrieved ProfileValueSource type [class org.springframework.test.annotation.SystemProfileValueSource] for class [dao.test.UserDAOTest]
23:10:01.956 [Test worker] DEBUG o.s.t.annotation.ProfileValueUtils - Retrieved @ProfileValueSourceConfiguration [null] for test class [dao.test.UserDAOTest]
23:10:01.956 [Test worker] DEBUG o.s.t.annotation.ProfileValueUtils - Retrieved ProfileValueSource type [class org.springframework.test.annotation.SystemProfileValueSource] for class [dao.test.UserDAOTest]
23:10:01.956 [Test worker] DEBUG o.s.t.c.s.DependencyInjectionTestExecutionListener - Performing dependency injection for test context [[DefaultTestContext@65c46857 testClass = UserDAOTest, testInstance = dao.test.UserDAOTest@137154de, testMethod = [null], testException = [null], mergedContextConfiguration = [MergedContextConfiguration@561eb4f6 testClass = UserDAOTest, locations = '{}', classes = '{class ru.spring.Application}', contextInitializerClasses = '[]', activeProfiles = '{}', propertySourceLocations = '{}', propertySourceProperties = '{}', contextLoader = 'org.springframework.test.context.support.DelegatingSmartContextLoader', parent = [null]]]].
23:10:01.957 [Test worker] DEBUG o.s.t.c.DefaultCacheAwareContextLoaderDelegate - Retrieved ApplicationContext from cache with key [[MergedContextConfiguration@561eb4f6 testClass = UserDAOTest, locations = '{}', classes = '{class ru.spring.Application}', contextInitializerClasses = '[]', activeProfiles = '{}', propertySourceLocations = '{}', propertySourceProperties = '{}', contextLoader = 'org.springframework.test.context.support.DelegatingSmartContextLoader', parent = [null]]]
23:10:01.957 [Test worker] DEBUG o.springframework.test.context.cache - Spring test ApplicationContext cache statistics: [ContextCache@134d72df size = 1, hitCount = 1, missCount = 1, parentContextCount = 0]
23:10:01.959 [Test worker] DEBUG o.s.b.f.annotation.InjectionMetadata - Processing injected element of bean 'dao.test.UserDAOTest': AutowiredFieldElement for ru.db.dao.UserDAO dao.test.UserDAOTest.dao
23:10:01.959 [Test worker] DEBUG o.s.b.f.s.DefaultListableBeanFactory - Returning cached instance of singleton bean 'userDAO'
23:10:01.959 [Test worker] DEBUG o.s.b.f.a.AutowiredAnnotationBeanPostProcessor - Autowiring by type from bean name 'dao.test.UserDAOTest' to bean named 'userDAO'
23:10:01.960 [Test worker] DEBUG o.s.b.f.s.DefaultListableBeanFactory - Returning cached instance of singleton bean 'org.springframework.transaction.config.internalTransactionAdvisor'
Hibernate: 
    insert 
    into
        users
        (create_date, update_date, password, token, user_name) 
    values
        (?, ?, ?, ?, ?)
Hibernate: 
    select
        user0_.id as id1_1_,
        user0_.create_date as create_d2_1_,
        user0_.update_date as update_d3_1_,
        user0_.password as password4_1_,
        user0_.token as token5_1_,
        user0_.user_name as user_nam6_1_ 
    from
        users user0_ 
    where
        user0_.id=?
23:10:02.249 [Test worker] DEBUG o.s.t.c.s.DirtiesContextTestExecutionListener - After test method: context [DefaultTestContext@65c46857 testClass = UserDAOTest, testInstance = dao.test.UserDAOTest@137154de, testMethod = createUserTest@UserDAOTest, testException = [null], mergedContextConfiguration = [MergedContextConfiguration@561eb4f6 testClass = UserDAOTest, locations = '{}', classes = '{class ru.spring.Application}', contextInitializerClasses = '[]', activeProfiles = '{}', propertySourceLocations = '{}', propertySourceProperties = '{}', contextLoader = 'org.springframework.test.context.support.DelegatingSmartContextLoader', parent = [null]]], class dirties context [false], class mode [null], method dirties context [false].
23:10:02.250 [Test worker] DEBUG o.s.t.c.s.DirtiesContextTestExecutionListener - After test class: context [DefaultTestContext@65c46857 testClass = UserDAOTest, testInstance = [null], testMethod = [null], testException = [null], mergedContextConfiguration = [MergedContextConfiguration@561eb4f6 testClass = UserDAOTest, locations = '{}', classes = '{class ru.spring.Application}', contextInitializerClasses = '[]', activeProfiles = '{}', propertySourceLocations = '{}', propertySourceProperties = '{}', contextLoader = 'org.springframework.test.context.support.DelegatingSmartContextLoader', parent = [null]]], dirtiesContext [false].
]]></system-out>
  <system-err><![CDATA[]]></system-err>
</testsuite>
